#
# There is insufficient memory for the Java Runtime Environment to continue.
# Native memory allocation (malloc) failed to allocate 319696 bytes for Chunk::new
# Possible reasons:
#   The system is out of physical RAM or swap space
#   The process is running with CompressedOops enabled, and the Java Heap may be blocking the growth of the native heap
# Possible solutions:
#   Reduce memory load on the system
#   Increase physical memory or swap space
#   Check if swap backing store is full
#   Decrease Java heap size (-Xmx/-Xms)
#   Decrease number of Java threads
#   Decrease Java thread stack sizes (-Xss)
#   Set larger code cache with -XX:ReservedCodeCacheSize=
#   JVM is running with Zero Based Compressed Oops mode in which the Java heap is
#     placed in the first 32GB address space. The Java Heap base address is the
#     maximum limit for the native heap growth. Please use -XX:HeapBaseMinAddress
#     to set the Java Heap base and to place the Java Heap above 32GB virtual address.
# This output file may be truncated or incomplete.
#
#  Out of Memory Error (arena.cpp:189), pid=18736, tid=3860
#
# JRE version: Java(TM) SE Runtime Environment (17.0.14+8) (build 17.0.14+8-LTS-191)
# Java VM: Java HotSpot(TM) 64-Bit Server VM (17.0.14+8-LTS-191, mixed mode, sharing, tiered, compressed oops, compressed class ptrs, g1 gc, windows-amd64)
# No core dump will be written. Minidumps are not enabled by default on client versions of Windows
#

---------------  S U M M A R Y ------------

Command Line: com.example.demo.SupportSystemApplication

Host: Intel(R) Core(TM) i7-3520M CPU @ 2.90GHz, 4 cores, 15G,  Windows 10 , 64 bit Build 19041 (10.0.19041.1348)
Time: Sat May  2 20:51:51 2026 GTB Daylight Time elapsed time: 53.219978 seconds (0d 0h 0m 53s)

---------------  T H R E A D  ---------------

Current thread (0x0000022564c445e0):  JavaThread "C2 CompilerThread0" daemon [_thread_in_native, id=3860, stack(0x000000ee7bd00000,0x000000ee7be00000)]


Current CompileTask:
C2:  53220 6031       4       sun.invoke.util.BytecodeDescriptor::unparseSig (49 bytes)

Stack: [0x000000ee7bd00000,0x000000ee7be00000]
Native frames: (J=compiled Java code, j=interpreted, Vv=VM code, C=native code)
V  [jvm.dll+0x67a38a]
V  [jvm.dll+0x7da7ed]
V  [jvm.dll+0x7dc133]
V  [jvm.dll+0x7dc7a3]
V  [jvm.dll+0x24517f]
V  [jvm.dll+0xab773]
V  [jvm.dll+0xabd3c]
V  [jvm.dll+0x361dff]
V  [jvm.dll+0x32c521]
V  [jvm.dll+0x32b9ba]
V  [jvm.dll+0x21693f]
V  [jvm.dll+0x215d6f]
V  [jvm.dll+0x1a2950]
V  [jvm.dll+0x22620b]
V  [jvm.dll+0x2243ab]
V  [jvm.dll+0x790bbc]
V  [jvm.dll+0x78b04a]
V  [jvm.dll+0x679275]
C  [ucrtbase.dll+0x21bb2]
C  [KERNEL32.DLL+0x17034]
C  [ntdll.dll+0x52651]


---------------  P R O C E S S  ---------------

Threads class SMR info:
_java_thread_list=0x00000225ad8facf0, length=29, elements={
0x0000022564c288a0, 0x0000022564c29520, 0x0000022564c3d6a0, 0x0000022564c3e060,
0x0000022564c3ea20, 0x0000022564c403f0, 0x0000022564c445e0, 0x0000022564c460a0,
0x0000022564c51290, 0x00000225aa11fe90, 0x00000225aa12dd90, 0x00000225ac5a4650,
0x00000225ac5a1dd0, 0x00000225ac5a4b60, 0x00000225ac5a22e0, 0x00000225ac5a3720,
0x00000225ac5a27f0, 0x00000225ac5a5070, 0x00000225ac5a5580, 0x00000225ac5a2d00,
0x00000225ac5a3210, 0x00000225ac5a4140, 0x00000225ae2c0e90, 0x00000225ae2bf540,
0x00000225ae2bff60, 0x00000225ae2c27e0, 0x00000225ae2bf030, 0x00000225ae2bfa50,
0x00000225ae2c13a0
}

Java Threads: ( => current thread )
  0x0000022564c288a0 JavaThread "Reference Handler" daemon [_thread_blocked, id=8748, stack(0x000000ee7b700000,0x000000ee7b800000)]
  0x0000022564c29520 JavaThread "Finalizer" daemon [_thread_blocked, id=15156, stack(0x000000ee7b800000,0x000000ee7b900000)]
  0x0000022564c3d6a0 JavaThread "Signal Dispatcher" daemon [_thread_blocked, id=1068, stack(0x000000ee7b900000,0x000000ee7ba00000)]
  0x0000022564c3e060 JavaThread "Attach Listener" daemon [_thread_blocked, id=6360, stack(0x000000ee7ba00000,0x000000ee7bb00000)]
  0x0000022564c3ea20 JavaThread "Service Thread" daemon [_thread_blocked, id=13884, stack(0x000000ee7bb00000,0x000000ee7bc00000)]
  0x0000022564c403f0 JavaThread "Monitor Deflation Thread" daemon [_thread_blocked, id=13188, stack(0x000000ee7bc00000,0x000000ee7bd00000)]
=>0x0000022564c445e0 JavaThread "C2 CompilerThread0" daemon [_thread_in_native, id=3860, stack(0x000000ee7bd00000,0x000000ee7be00000)]
  0x0000022564c460a0 JavaThread "C1 CompilerThread0" daemon [_thread_blocked, id=7428, stack(0x000000ee7be00000,0x000000ee7bf00000)]
  0x0000022564c51290 JavaThread "Sweeper thread" daemon [_thread_blocked, id=11832, stack(0x000000ee7bf00000,0x000000ee7c000000)]
  0x00000225aa11fe90 JavaThread "Notification Thread" daemon [_thread_blocked, id=14036, stack(0x000000ee7c000000,0x000000ee7c100000)]
  0x00000225aa12dd90 JavaThread "Common-Cleaner" daemon [_thread_blocked, id=7416, stack(0x000000ee7c200000,0x000000ee7c300000)]
  0x00000225ac5a4650 JavaThread "Catalina-utility-1" [_thread_blocked, id=16724, stack(0x000000ee7c700000,0x000000ee7c800000)]
  0x00000225ac5a1dd0 JavaThread "Catalina-utility-2" [_thread_blocked, id=5704, stack(0x000000ee7c800000,0x000000ee7c900000)]
  0x00000225ac5a4b60 JavaThread "container-0" [_thread_blocked, id=4388, stack(0x000000ee7c900000,0x000000ee7ca00000)]
  0x00000225ac5a22e0 JavaThread "mysql-cj-abandoned-connection-cleanup" daemon [_thread_blocked, id=10456, stack(0x000000ee7ca00000,0x000000ee7cb00000)]
  0x00000225ac5a3720 JavaThread "HikariPool-1:housekeeper" daemon [_thread_blocked, id=4376, stack(0x000000ee7cc00000,0x000000ee7cd00000)]
  0x00000225ac5a27f0 JavaThread "http-nio-8080-exec-1" daemon [_thread_blocked, id=10260, stack(0x000000ee7ce00000,0x000000ee7cf00000)]
  0x00000225ac5a5070 JavaThread "http-nio-8080-exec-2" daemon [_thread_in_vm, id=12500, stack(0x000000ee7cf00000,0x000000ee7d000000)]
  0x00000225ac5a5580 JavaThread "http-nio-8080-exec-3" daemon [_thread_blocked, id=1268, stack(0x000000ee7d000000,0x000000ee7d100000)]
  0x00000225ac5a2d00 JavaThread "http-nio-8080-exec-4" daemon [_thread_blocked, id=17556, stack(0x000000ee7d100000,0x000000ee7d200000)]
  0x00000225ac5a3210 JavaThread "http-nio-8080-exec-5" daemon [_thread_blocked, id=11544, stack(0x000000ee7d200000,0x000000ee7d300000)]
  0x00000225ac5a4140 JavaThread "http-nio-8080-exec-6" daemon [_thread_blocked, id=19284, stack(0x000000ee7d300000,0x000000ee7d400000)]
  0x00000225ae2c0e90 JavaThread "http-nio-8080-exec-7" daemon [_thread_blocked, id=4600, stack(0x000000ee7d400000,0x000000ee7d500000)]
  0x00000225ae2bf540 JavaThread "http-nio-8080-exec-8" daemon [_thread_blocked, id=2628, stack(0x000000ee7d500000,0x000000ee7d600000)]
  0x00000225ae2bff60 JavaThread "http-nio-8080-exec-9" daemon [_thread_blocked, id=10464, stack(0x000000ee7d600000,0x000000ee7d700000)]
  0x00000225ae2c27e0 JavaThread "http-nio-8080-exec-10" daemon [_thread_blocked, id=13428, stack(0x000000ee7d700000,0x000000ee7d800000)]
  0x00000225ae2bf030 JavaThread "http-nio-8080-Poller" daemon [_thread_in_native, id=16948, stack(0x000000ee7d800000,0x000000ee7d900000)]
  0x00000225ae2bfa50 JavaThread "http-nio-8080-Acceptor" daemon [_thread_in_native, id=17756, stack(0x000000ee7d900000,0x000000ee7da00000)]
  0x00000225ae2c13a0 JavaThread "DestroyJavaVM" [_thread_blocked, id=18732, stack(0x000000ee7b000000,0x000000ee7b100000)]

Other Threads:
  0x0000022564c1e970 VMThread "VM Thread" [stack: 0x000000ee7b600000,0x000000ee7b700000] [id=18088]
  0x00000225aa12a180 WatcherThread [stack: 0x000000ee7c100000,0x000000ee7c200000] [id=18908]
  0x00000225427ef130 GCTaskThread "GC Thread#0" [stack: 0x000000ee7b100000,0x000000ee7b200000] [id=16792]
  0x00000225aa8e5410 GCTaskThread "GC Thread#1" [stack: 0x000000ee7c300000,0x000000ee7c400000] [id=19356]
  0x00000225aa7d3e80 GCTaskThread "GC Thread#2" [stack: 0x000000ee7c400000,0x000000ee7c500000] [id=17132]
  0x00000225aa5f2da0 GCTaskThread "GC Thread#3" [stack: 0x000000ee7c500000,0x000000ee7c600000] [id=9768]
  0x00000225427ffe80 ConcurrentGCThread "G1 Main Marker" [stack: 0x000000ee7b200000,0x000000ee7b300000] [id=2504]
  0x0000022542801030 ConcurrentGCThread "G1 Conc#0" [stack: 0x000000ee7b300000,0x000000ee7b400000] [id=12184]
  0x0000022542845c10 ConcurrentGCThread "G1 Refine#0" [stack: 0x000000ee7b400000,0x000000ee7b500000] [id=14048]
  0x0000022564ae4b20 ConcurrentGCThread "G1 Service" [stack: 0x000000ee7b500000,0x000000ee7b600000] [id=5796]

Threads with active compile tasks:
C2 CompilerThread0    53270 6031       4       sun.invoke.util.BytecodeDescriptor::unparseSig (49 bytes)

VM state: not at safepoint (normal execution)

VM Mutex/Monitor currently owned by a thread:  ([mutex/lock_event])
[0x000002254277fd10] Metaspace_lock - owner thread: 0x00000225ac5a5070

Heap address: 0x0000000702000000, size: 4064 MB, Compressed Oops mode: Zero based, Oop shift amount: 3

CDS archive(s) mapped at: [0x0000022565000000-0x0000022565bd0000-0x0000022565bd0000), size 12386304, SharedBaseAddress: 0x0000022565000000, ArchiveRelocationMode: 1.
Compressed class space mapped at: 0x0000022566000000-0x00000225a6000000, reserved size: 1073741824
Narrow klass base: 0x0000022565000000, Narrow klass shift: 0, Narrow klass range: 0x100000000

GC Precious Log:
 CPUs: 4 total, 4 available
 Memory: 16249M
 Large Page Support: Disabled
 NUMA Support: Disabled
 Compressed Oops: Enabled (Zero based)
 Heap Region Size: 2M
 Heap Min Capacity: 8M
 Heap Initial Capacity: 254M
 Heap Max Capacity: 4064M
 Pre-touch: Disabled
 Parallel Workers: 4
 Concurrent Workers: 1
 Concurrent Refinement Workers: 4
 Periodic GC: Disabled

Heap:
 garbage-first heap   total 61440K, used 37835K [0x0000000702000000, 0x0000000800000000)
  region size 2048K, 7 young (14336K), 2 survivors (4096K)
 Metaspace       used 75207K, committed 75776K, reserved 1114112K
  class space    used 10652K, committed 10944K, reserved 1048576K

Heap Regions: E=young(eden), S=young(survivor), O=old, HS=humongous(starts), HC=humongous(continues), CS=collection set, F=free, OA=open archive, CA=closed archive, TAMS=top-at-mark-start (previous, next)
|   0|0x0000000702000000, 0x0000000702200000, 0x0000000702200000|100%| O|  |TAMS 0x0000000702200000, 0x0000000702000000| Untracked 
|   1|0x0000000702200000, 0x0000000702400000, 0x0000000702400000|100%| O|  |TAMS 0x0000000702400000, 0x0000000702200000| Untracked 
|   2|0x0000000702400000, 0x00000007025f9200, 0x0000000702600000| 98%| O|  |TAMS 0x00000007025f9200, 0x0000000702400000| Untracked 
|   3|0x0000000702600000, 0x0000000702800000, 0x0000000702800000|100%| O|  |TAMS 0x0000000702800000, 0x0000000702600000| Untracked 
|   4|0x0000000702800000, 0x0000000702a00000, 0x0000000702a00000|100%| O|  |TAMS 0x0000000702a00000, 0x0000000702800000| Untracked 
|   5|0x0000000702a00000, 0x0000000702c00000, 0x0000000702c00000|100%| O|  |TAMS 0x0000000702c00000, 0x0000000702a00000| Untracked 
|   6|0x0000000702c00000, 0x0000000702e00000, 0x0000000702e00000|100%| O|  |TAMS 0x0000000702e00000, 0x0000000702c00000| Untracked 
|   7|0x0000000702e00000, 0x0000000703000000, 0x0000000703000000|100%| O|  |TAMS 0x0000000703000000, 0x0000000702e00000| Untracked 
|   8|0x0000000703000000, 0x0000000703200000, 0x0000000703200000|100%| O|  |TAMS 0x0000000703200000, 0x0000000703000000| Untracked 
|   9|0x0000000703200000, 0x0000000703400000, 0x0000000703400000|100%| O|  |TAMS 0x0000000703400000, 0x0000000703200000| Untracked 
|  10|0x0000000703400000, 0x0000000703600000, 0x0000000703600000|100%| O|  |TAMS 0x0000000703600000, 0x0000000703400000| Untracked 
|  11|0x0000000703600000, 0x0000000703800000, 0x0000000703800000|100%| O|  |TAMS 0x0000000703800000, 0x0000000703600000| Untracked 
|  12|0x0000000703800000, 0x0000000703a00000, 0x0000000703a00000|100%| O|  |TAMS 0x0000000703a00000, 0x0000000703800000| Untracked 
|  13|0x0000000703a00000, 0x0000000703c00000, 0x0000000703c00000|100%| O|  |TAMS 0x0000000703c00000, 0x0000000703a00000| Untracked 
|  14|0x0000000703c00000, 0x0000000703c8be00, 0x0000000703e00000| 27%| O|  |TAMS 0x0000000703c8be00, 0x0000000703c00000| Untracked 
|  15|0x0000000703e00000, 0x0000000703e00000, 0x0000000704000000|  0%| F|  |TAMS 0x0000000703e00000, 0x0000000703e00000| Untracked 
|  16|0x0000000704000000, 0x0000000704000000, 0x0000000704200000|  0%| F|  |TAMS 0x0000000704000000, 0x0000000704000000| Untracked 
|  17|0x0000000704200000, 0x0000000704200000, 0x0000000704400000|  0%| F|  |TAMS 0x0000000704200000, 0x0000000704200000| Untracked 
|  18|0x0000000704400000, 0x000000070446dd40, 0x0000000704600000| 21%| S|CS|TAMS 0x0000000704400000, 0x0000000704400000| Complete 
|  19|0x0000000704600000, 0x0000000704800000, 0x0000000704800000|100%| S|CS|TAMS 0x0000000704600000, 0x0000000704600000| Complete 
|  20|0x0000000704800000, 0x0000000704800000, 0x0000000704a00000|  0%| F|  |TAMS 0x0000000704800000, 0x0000000704800000| Untracked 
|  21|0x0000000704a00000, 0x0000000704a00000, 0x0000000704c00000|  0%| F|  |TAMS 0x0000000704a00000, 0x0000000704a00000| Untracked 
|  22|0x0000000704c00000, 0x0000000704c00000, 0x0000000704e00000|  0%| F|  |TAMS 0x0000000704c00000, 0x0000000704c00000| Untracked 
|  23|0x0000000704e00000, 0x0000000704e00000, 0x0000000705000000|  0%| F|  |TAMS 0x0000000704e00000, 0x0000000704e00000| Untracked 
|  24|0x0000000705000000, 0x0000000705000000, 0x0000000705200000|  0%| F|  |TAMS 0x0000000705000000, 0x0000000705000000| Untracked 
| 121|0x0000000711200000, 0x000000071137dd28, 0x0000000711400000| 74%| E|  |TAMS 0x0000000711200000, 0x0000000711200000| Complete 
| 122|0x0000000711400000, 0x0000000711600000, 0x0000000711600000|100%| E|CS|TAMS 0x0000000711400000, 0x0000000711400000| Complete 
| 123|0x0000000711600000, 0x0000000711800000, 0x0000000711800000|100%| E|CS|TAMS 0x0000000711600000, 0x0000000711600000| Complete 
| 124|0x0000000711800000, 0x0000000711a00000, 0x0000000711a00000|100%| E|CS|TAMS 0x0000000711800000, 0x0000000711800000| Complete 
| 126|0x0000000711c00000, 0x0000000711e00000, 0x0000000711e00000|100%| E|  |TAMS 0x0000000711c00000, 0x0000000711c00000| Complete 

Card table byte_map: [0x0000022559850000,0x000002255a040000] _byte_map_base: 0x0000022556040000

Marking Bits (Prev, Next): (CMBitMap*) 0x00000225427ef750, (CMBitMap*) 0x00000225427ef790
 Prev Bits: [0x000002255a830000, 0x000002255e7b0000)
 Next Bits: [0x000002255e7b0000, 0x0000022562730000)

Polling page: 0x00000225406b0000

Metaspace:

Usage:
  Non-class:     63.04 MB used.
      Class:     10.40 MB used.
       Both:     73.44 MB used.

Virtual space:
  Non-class space:       64.00 MB reserved,      63.31 MB ( 99%) committed,  1 nodes.
      Class space:        1.00 GB reserved,      10.69 MB (  1%) committed,  1 nodes.
             Both:        1.06 GB reserved,      74.00 MB (  7%) committed. 

Chunk freelists:
   Non-Class:  304.00 KB
       Class:  5.36 MB
        Both:  5.66 MB

MaxMetaspaceSize: unlimited
CompressedClassSpaceSize: 1.00 GB
Initial GC threshold: 21.00 MB
Current GC threshold: 118.88 MB
CDS: on
MetaspaceReclaimPolicy: balanced
 - commit_granule_bytes: 65536.
 - commit_granule_words: 8192.
 - virtual_space_node_default_size: 8388608.
 - enlarge_chunks_in_place: 1.
 - new_chunks_are_fully_committed: 0.
 - uncommit_free_chunks: 1.
 - use_allocation_guard: 0.
 - handle_deallocations: 1.


Internal statistics:

num_allocs_failed_limit: 12.
num_arena_births: 844.
num_arena_deaths: 0.
num_vsnodes_births: 2.
num_vsnodes_deaths: 0.
num_space_committed: 1184.
num_space_uncommitted: 0.
num_chunks_returned_to_freelist: 12.
num_chunks_taken_from_freelist: 3595.
num_chunk_merges: 12.
num_chunk_splits: 2671.
num_chunks_enlarged: 2143.
num_inconsistent_stats: 0.

CodeHeap 'non-profiled nmethods': size=120000Kb used=3375Kb max_used=3375Kb free=116624Kb
 bounds [0x0000022551b30000, 0x0000022551ec0000, 0x0000022559060000]
CodeHeap 'profiled nmethods': size=120000Kb used=10451Kb max_used=11128Kb free=109548Kb
 bounds [0x000002254a060000, 0x000002254ab40000, 0x0000022551590000]
CodeHeap 'non-nmethods': size=5760Kb used=1348Kb max_used=1419Kb free=4411Kb
 bounds [0x0000022551590000, 0x0000022551800000, 0x0000022551b30000]
 total_blobs=5957 nmethods=5272 adapters=597
 compilation: enabled
              stopped_count=0, restarted_count=0
 full_count=0

Compilation events (20 events):
Event: 46.443 Thread 0x0000022564c460a0 nmethod 6026 0x000002254a0cca90 code [0x000002254a0ccc20, 0x000002254a0ccd18]
Event: 49.623 Thread 0x0000022564c460a0 6027       3       java.util.concurrent.locks.AbstractQueuedSynchronizer$ConditionObject::canReacquire (28 bytes)
Event: 49.623 Thread 0x0000022564c460a0 nmethod 6027 0x000002254a1c9e10 code [0x000002254a1c9fc0, 0x000002254a1ca318]
Event: 53.123 Thread 0x0000022564c445e0 6028       4       java.lang.AbstractStringBuilder::append (45 bytes)
Event: 53.134 Thread 0x0000022564c445e0 nmethod 6028 0x0000022551c9e690 code [0x0000022551c9e840, 0x0000022551c9ef78]
Event: 53.134 Thread 0x0000022564c445e0 6030       4       jdk.internal.org.objectweb.asm.MethodWriter::visitTypeInsn (116 bytes)
Event: 53.139 Thread 0x0000022564c445e0 nmethod 6030 0x0000022551d3f010 code [0x0000022551d3f1c0, 0x0000022551d3f528]
Event: 53.199 Thread 0x0000022564c445e0 6031       4       sun.invoke.util.BytecodeDescriptor::unparseSig (49 bytes)
Event: 53.200 Thread 0x0000022564c460a0 6032       3       java.lang.invoke.LambdaForm$Name::withConstraint (20 bytes)
Event: 53.200 Thread 0x0000022564c460a0 nmethod 6032 0x000002254a1c9990 code [0x000002254a1c9b40, 0x000002254a1c9d68]
Event: 53.201 Thread 0x0000022564c460a0 6033       3       java.lang.invoke.LambdaFormEditor::oldSpeciesData (8 bytes)
Event: 53.202 Thread 0x0000022564c460a0 nmethod 6033 0x000002254a1fcd10 code [0x000002254a1fcee0, 0x000002254a1fd318]
Event: 53.203 Thread 0x0000022564c460a0 6035       3       java.lang.invoke.LambdaFormBuffer::clearDuplicatesAndNulls (268 bytes)
Event: 53.204 Thread 0x0000022564c460a0 nmethod 6035 0x000002254a1fb410 code [0x000002254a1fb6a0, 0x000002254a1fc7d8]
Event: 53.206 Thread 0x0000022564c460a0 6037       3       java.nio.Buffer::remaining (20 bytes)
Event: 53.206 Thread 0x0000022564c460a0 nmethod 6037 0x000002254a1c9490 code [0x000002254a1c9620, 0x000002254a1c97b8]
Event: 53.208 Thread 0x0000022564c460a0 6038       1       org.apache.coyote.http11.Http11InputBuffer::getByteBuffer (5 bytes)
Event: 53.208 Thread 0x0000022564c460a0 nmethod 6038 0x0000022551c9e010 code [0x0000022551c9e1a0, 0x0000022551c9e278]
Event: 53.208 Thread 0x0000022564c460a0 6039       3       org.apache.coyote.http11.Http11InputBuffer::getHeaderByteBuffer (5 bytes)
Event: 53.208 Thread 0x0000022564c460a0 nmethod 6039 0x000002254a1fb090 code [0x000002254a1fb220, 0x000002254a1fb338]

GC Heap History (20 events):
Event: 8.319 GC heap before
{Heap before GC invocations=12 (full 0):
 garbage-first heap   total 55296K, used 39088K [0x0000000702000000, 0x0000000800000000)
  region size 2048K, 12 young (24576K), 2 survivors (4096K)
 Metaspace       used 45617K, committed 46144K, reserved 1114112K
  class space    used 6218K, committed 6464K, reserved 1048576K
}
Event: 8.326 GC heap after
{Heap after GC invocations=13 (full 0):
 garbage-first heap   total 55296K, used 22832K [0x0000000702000000, 0x0000000800000000)
  region size 2048K, 2 young (4096K), 2 survivors (4096K)
 Metaspace       used 45617K, committed 46144K, reserved 1114112K
  class space    used 6218K, committed 6464K, reserved 1048576K
}
Event: 8.887 GC heap before
{Heap before GC invocations=13 (full 0):
 garbage-first heap   total 55296K, used 41264K [0x0000000702000000, 0x0000000800000000)
  region size 2048K, 11 young (22528K), 2 survivors (4096K)
 Metaspace       used 50516K, committed 51008K, reserved 1114112K
  class space    used 6769K, committed 6976K, reserved 1048576K
}
Event: 8.892 GC heap after
{Heap after GC invocations=14 (full 0):
 garbage-first heap   total 55296K, used 24233K [0x0000000702000000, 0x0000000800000000)
  region size 2048K, 2 young (4096K), 2 survivors (4096K)
 Metaspace       used 50516K, committed 51008K, reserved 1114112K
  class space    used 6769K, committed 6976K, reserved 1048576K
}
Event: 9.307 GC heap before
{Heap before GC invocations=14 (full 0):
 garbage-first heap   total 55296K, used 38569K [0x0000000702000000, 0x0000000800000000)
  region size 2048K, 10 young (20480K), 2 survivors (4096K)
 Metaspace       used 55730K, committed 56192K, reserved 1114112K
  class space    used 7646K, committed 7872K, reserved 1048576K
}
Event: 9.311 GC heap after
{Heap after GC invocations=15 (full 0):
 garbage-first heap   total 55296K, used 24912K [0x0000000702000000, 0x0000000800000000)
  region size 2048K, 1 young (2048K), 1 survivors (2048K)
 Metaspace       used 55730K, committed 56192K, reserved 1114112K
  class space    used 7646K, committed 7872K, reserved 1048576K
}
Event: 9.801 GC heap before
{Heap before GC invocations=15 (full 0):
 garbage-first heap   total 55296K, used 39248K [0x0000000702000000, 0x0000000800000000)
  region size 2048K, 9 young (18432K), 1 survivors (2048K)
 Metaspace       used 59614K, committed 60224K, reserved 1114112K
  class space    used 8239K, committed 8512K, reserved 1048576K
}
Event: 9.804 GC heap after
{Heap after GC invocations=16 (full 0):
 garbage-first heap   total 55296K, used 25427K [0x0000000702000000, 0x0000000800000000)
  region size 2048K, 2 young (4096K), 2 survivors (4096K)
 Metaspace       used 59614K, committed 60224K, reserved 1114112K
  class space    used 8239K, committed 8512K, reserved 1048576K
}
Event: 9.809 GC heap before
{Heap before GC invocations=16 (full 0):
 garbage-first heap   total 55296K, used 25427K [0x0000000702000000, 0x0000000800000000)
  region size 2048K, 3 young (6144K), 2 survivors (4096K)
 Metaspace       used 59731K, committed 60288K, reserved 1114112K
  class space    used 8248K, committed 8512K, reserved 1048576K
}
Event: 9.812 GC heap after
{Heap after GC invocations=17 (full 0):
 garbage-first heap   total 55296K, used 25603K [0x0000000702000000, 0x0000000800000000)
  region size 2048K, 1 young (2048K), 1 survivors (2048K)
 Metaspace       used 59731K, committed 60288K, reserved 1114112K
  class space    used 8248K, committed 8512K, reserved 1048576K
}
Event: 10.990 GC heap before
{Heap before GC invocations=18 (full 0):
 garbage-first heap   total 55296K, used 44035K [0x0000000702000000, 0x0000000800000000)
  region size 2048K, 10 young (20480K), 1 survivors (2048K)
 Metaspace       used 62814K, committed 63360K, reserved 1114112K
  class space    used 8736K, committed 8960K, reserved 1048576K
}
Event: 10.997 GC heap after
{Heap after GC invocations=19 (full 0):
 garbage-first heap   total 55296K, used 26913K [0x0000000702000000, 0x0000000800000000)
  region size 2048K, 2 young (4096K), 2 survivors (4096K)
 Metaspace       used 62814K, committed 63360K, reserved 1114112K
  class space    used 8736K, committed 8960K, reserved 1048576K
}
Event: 11.574 GC heap before
{Heap before GC invocations=20 (full 0):
 garbage-first heap   total 55296K, used 41249K [0x0000000702000000, 0x0000000800000000)
  region size 2048K, 10 young (20480K), 2 survivors (4096K)
 Metaspace       used 65269K, committed 65856K, reserved 1114112K
  class space    used 9070K, committed 9344K, reserved 1048576K
}
Event: 11.581 GC heap after
{Heap after GC invocations=21 (full 0):
 garbage-first heap   total 55296K, used 28385K [0x0000000702000000, 0x0000000800000000)
  region size 2048K, 2 young (4096K), 2 survivors (4096K)
 Metaspace       used 65269K, committed 65856K, reserved 1114112K
  class space    used 9070K, committed 9344K, reserved 1048576K
}
Event: 12.094 GC heap before
{Heap before GC invocations=21 (full 0):
 garbage-first heap   total 55296K, used 42721K [0x0000000702000000, 0x0000000800000000)
  region size 2048K, 9 young (18432K), 2 survivors (4096K)
 Metaspace       used 67004K, committed 67584K, reserved 1114112K
  class space    used 9329K, committed 9600K, reserved 1048576K
}
Event: 12.103 GC heap after
{Heap after GC invocations=22 (full 0):
 garbage-first heap   total 55296K, used 29492K [0x0000000702000000, 0x0000000800000000)
  region size 2048K, 2 young (4096K), 2 survivors (4096K)
 Metaspace       used 67004K, committed 67584K, reserved 1114112K
  class space    used 9329K, committed 9600K, reserved 1048576K
}
Event: 12.616 GC heap before
{Heap before GC invocations=23 (full 0):
 garbage-first heap   total 59392K, used 39732K [0x0000000702000000, 0x0000000800000000)
  region size 2048K, 8 young (16384K), 2 survivors (4096K)
 Metaspace       used 69132K, committed 69696K, reserved 1114112K
  class space    used 9615K, committed 9856K, reserved 1048576K
}
Event: 12.621 GC heap after
{Heap after GC invocations=24 (full 0):
 garbage-first heap   total 59392K, used 30590K [0x0000000702000000, 0x0000000800000000)
  region size 2048K, 1 young (2048K), 1 survivors (2048K)
 Metaspace       used 69132K, committed 69696K, reserved 1114112K
  class space    used 9615K, committed 9856K, reserved 1048576K
}
Event: 13.055 GC heap before
{Heap before GC invocations=24 (full 0):
 garbage-first heap   total 59392K, used 46974K [0x0000000702000000, 0x0000000800000000)
  region size 2048K, 9 young (18432K), 1 survivors (2048K)
 Metaspace       used 72025K, committed 72576K, reserved 1114112K
  class space    used 10137K, committed 10432K, reserved 1048576K
}
Event: 13.060 GC heap after
{Heap after GC invocations=25 (full 0):
 garbage-first heap   total 59392K, used 31691K [0x0000000702000000, 0x0000000800000000)
  region size 2048K, 2 young (4096K), 2 survivors (4096K)
 Metaspace       used 72025K, committed 72576K, reserved 1114112K
  class space    used 10137K, committed 10432K, reserved 1048576K
}

Deoptimization events (20 events):
Event: 12.572 Thread 0x0000022542785910 Uncommon trap: trap_request=0xffffffde fr.pc=0x0000022551cd6094 relative=0x0000000000000354
Event: 12.572 Thread 0x0000022542785910 Uncommon trap: reason=class_check action=maybe_recompile pc=0x0000022551cd6094 method=org.springframework.core.ResolvableType.resolveType()Lorg/springframework/core/ResolvableType; @ 44 c2
Event: 12.572 Thread 0x0000022542785910 DEOPT PACKING pc=0x0000022551cd6094 sp=0x000000ee7b0feae0
Event: 12.572 Thread 0x0000022542785910 DEOPT UNPACKING pc=0x00000225515e23a3 sp=0x000000ee7b0fea08 mode 2
Event: 12.837 Thread 0x0000022542785910 Uncommon trap: trap_request=0xffffff45 fr.pc=0x0000022551dd3a54 relative=0x0000000000000134
Event: 12.837 Thread 0x0000022542785910 Uncommon trap: reason=unstable_if action=reinterpret pc=0x0000022551dd3a54 method=java.lang.String.getBytes([BIIBI)V @ 6 c2
Event: 12.837 Thread 0x0000022542785910 DEOPT PACKING pc=0x0000022551dd3a54 sp=0x000000ee7b0fbdf0
Event: 12.837 Thread 0x0000022542785910 DEOPT UNPACKING pc=0x00000225515e23a3 sp=0x000000ee7b0fbc98 mode 2
Event: 12.971 Thread 0x0000022542785910 Uncommon trap: trap_request=0xffffff45 fr.pc=0x0000022551c4c488 relative=0x0000000000000248
Event: 12.971 Thread 0x0000022542785910 Uncommon trap: reason=unstable_if action=reinterpret pc=0x0000022551c4c488 method=java.util.HashMap.getNode(Ljava/lang/Object;)Ljava/util/HashMap$Node; @ 66 c2
Event: 12.971 Thread 0x0000022542785910 DEOPT PACKING pc=0x0000022551c4c488 sp=0x000000ee7b0f6590
Event: 12.971 Thread 0x0000022542785910 DEOPT UNPACKING pc=0x00000225515e23a3 sp=0x000000ee7b0f64a0 mode 2
Event: 12.971 Thread 0x0000022542785910 Uncommon trap: trap_request=0xffffff45 fr.pc=0x0000022551c03fe0 relative=0x00000000000001c0
Event: 12.971 Thread 0x0000022542785910 Uncommon trap: reason=unstable_if action=reinterpret pc=0x0000022551c03fe0 method=java.util.HashMap.getNode(Ljava/lang/Object;)Ljava/util/HashMap$Node; @ 66 c2
Event: 12.971 Thread 0x0000022542785910 DEOPT PACKING pc=0x0000022551c03fe0 sp=0x000000ee7b0f82d0
Event: 12.971 Thread 0x0000022542785910 DEOPT UNPACKING pc=0x00000225515e23a3 sp=0x000000ee7b0f8250 mode 2
Event: 15.626 Thread 0x00000225ac5a4650 Uncommon trap: trap_request=0xffffff45 fr.pc=0x0000022551e5df88 relative=0x0000000000000188
Event: 15.626 Thread 0x00000225ac5a4650 Uncommon trap: reason=unstable_if action=reinterpret pc=0x0000022551e5df88 method=java.util.concurrent.locks.ReentrantLock$Sync.lock()V @ 4 c2
Event: 15.626 Thread 0x00000225ac5a4650 DEOPT PACKING pc=0x0000022551e5df88 sp=0x000000ee7c7fec60
Event: 15.626 Thread 0x00000225ac5a4650 DEOPT UNPACKING pc=0x00000225515e23a3 sp=0x000000ee7c7febc0 mode 2

Classes unloaded (0 events):
No events

Classes redefined (0 events):
No events

Internal exceptions (20 events):
Event: 11.189 Thread 0x0000022542785910 Exception <a 'java/io/FileNotFoundException'{0x00000007116965f0}> (0x00000007116965f0) 
thrown [s\open\src\hotspot\share\prims\jni.cpp, line 516]
Event: 11.190 Thread 0x0000022542785910 Exception <a 'java/io/FileNotFoundException'{0x00000007116a1510}> (0x00000007116a1510) 
thrown [s\open\src\hotspot\share\prims\jni.cpp, line 516]
Event: 11.219 Thread 0x0000022542785910 Exception <a 'java/lang/reflect/InvocationTargetException'{0x000000071177aa58}> (0x000000071177aa58) 
thrown [s\open\src\hotspot\share\runtime\reflection.cpp, line 1121]
Event: 11.410 Thread 0x0000022542785910 Exception <a 'sun/nio/fs/WindowsException'{0x0000000704a41380}> (0x0000000704a41380) 
thrown [s\open\src\hotspot\share\prims\jni.cpp, line 516]
Event: 11.425 Thread 0x0000022542785910 Exception <a 'java/lang/NoSuchMethodError'{0x0000000704ab75c0}: 'java.lang.Object java.lang.invoke.DirectMethodHandle$Holder.invokeVirtual(java.lang.Object, java.lang.Object, java.lang.Object, int)'> (0x0000000704ab75c0) 
thrown [s\open\src\hotspot\share\interpreter\linkResolver.cpp, line 759]
Event: 11.950 Thread 0x0000022542785910 Exception <a 'java/lang/NoSuchMethodError'{0x0000000704a46e28}: 'java.lang.Object java.lang.invoke.DirectMethodHandle$Holder.invokeVirtual(java.lang.Object, java.lang.Object, int)'> (0x0000000704a46e28) 
thrown [s\open\src\hotspot\share\interpreter\linkResolver.cpp, line 759]
Event: 12.062 Thread 0x0000022542785910 Exception <a 'java/lang/IncompatibleClassChangeError'{0x0000000704915be0}: Found class java.lang.Object, but interface was expected> (0x0000000704915be0) 
thrown [s\open\src\hotspot\share\interpreter\linkResolver.cpp, line 826]
Event: 12.246 Thread 0x0000022542785910 Exception <a 'java/lang/NoSuchMethodError'{0x00000007118d7e90}: 'int java.lang.invoke.DirectMethodHandle$Holder.invokeStaticInit(java.lang.Object, java.lang.Object, java.lang.Object, java.lang.Object)'> (0x00000007118d7e90) 
thrown [s\open\src\hotspot\share\interpreter\linkResolver.cpp, line 759]
Event: 12.406 Thread 0x0000022542785910 Exception <a 'java/lang/IncompatibleClassChangeError'{0x0000000711437dd0}: Found class java.lang.Object, but interface was expected> (0x0000000711437dd0) 
thrown [s\open\src\hotspot\share\interpreter\linkResolver.cpp, line 826]
Event: 12.416 Thread 0x0000022542785910 Implicit null exception at 0x0000022551c88694 to 0x0000022551c88700
Event: 12.512 Thread 0x0000022542785910 Exception <a 'java/lang/NoSuchMethodError'{0x00000007112c99e0}: 'java.lang.Object java.lang.invoke.DirectMethodHandle$Holder.newInvokeSpecial(java.lang.Object, java.lang.Object, int, java.lang.Object, java.lang.Object)'> (0x00000007112c99e0) 
thrown [s\open\src\hotspot\share\interpreter\linkResolver.cpp, line 759]
Event: 13.321 Thread 0x0000022542785910 Exception <a 'java/lang/NoSuchMethodError'{0x0000000711983628}: 'java.lang.Object java.lang.invoke.DirectMethodHandle$Holder.invokeInterface(java.lang.Object, java.lang.Object, java.lang.Object, java.lang.Object)'> (0x0000000711983628) 
thrown [s\open\src\hotspot\share\interpreter\linkResolver.cpp, line 759]
Event: 13.335 Thread 0x0000022542785910 Exception <a 'java/lang/NoSuchMethodError'{0x00000007119e93b0}: 'java.lang.Object java.lang.invoke.DirectMethodHandle$Holder.invokeStatic(java.lang.Object, java.lang.Object, java.lang.Object, java.lang.Object, java.lang.Object, java.lang.Object, java.lang.Object, java.lang.Object, java.lang.Object, int)'> (0x00000007119e93b0) 
thrown [s\open\src\hotspot\share\interpreter\linkResolver.cpp, line 759]
Event: 13.335 Thread 0x0000022542785910 Exception <a 'java/lang/NoSuchMethodError'{0x00000007119f5370}: 'java.lang.Object java.lang.invoke.DirectMethodHandle$Holder.invokeStatic(java.lang.Object, java.lang.Object, java.lang.Object, java.lang.Object, java.lang.Object, java.lang.Object, java.lang.Object, java.lang.Object, java.lang.Object, java.lang.Object, int)'> (0x00000007119f5370) 
thrown [s\open\src\hotspot\share\interpreter\linkResolver.cpp, line 759]
Event: 13.337 Thread 0x0000022542785910 Exception <a 'java/lang/NoSuchMethodError'{0x0000000711602fe8}: 'java.lang.Object java.lang.invoke.DirectMethodHandle$Holder.invokeStatic(java.lang.Object, java.lang.Object, java.lang.Object, java.lang.Object, java.lang.Object, java.lang.Object, java.lang.Object, java.lang.Object, int)'> (0x0000000711602fe8) 
thrown [s\open\src\hotspot\share\interpreter\linkResolver.cpp, line 759]
Event: 13.375 Thread 0x0000022542785910 Exception <a 'java/lang/NoSuchMethodError'{0x0000000711787160}: 'java.lang.Object java.lang.invoke.DirectMethodHandle$Holder.newInvokeSpecial(java.lang.Object, java.lang.Object, int, int)'> (0x0000000711787160) 
thrown [s\open\src\hotspot\share\interpreter\linkResolver.cpp, line 759]
Event: 53.124 Thread 0x00000225ae2bfa50 Exception <a 'java/lang/NoSuchMethodError'{0x000000071159cbc8}: 'java.lang.Object java.lang.invoke.DirectMethodHandle$Holder.invokeStatic(java.lang.Object, java.lang.Object, java.lang.Object, int, int)'> (0x000000071159cbc8) 
thrown [s\open\src\hotspot\share\interpreter\linkResolver.cpp, line 759]
Event: 53.125 Thread 0x00000225ae2bfa50 Exception <a 'java/lang/NoSuchMethodError'{0x00000007115a0168}: 'java.lang.Object java.lang.invoke.DirectMethodHandle$Holder.invokeStaticInit(java.lang.Object, java.lang.Object, java.lang.Object, int, int)'> (0x00000007115a0168) 
thrown [s\open\src\hotspot\share\interpreter\linkResolver.cpp, line 759]
Event: 53.203 Thread 0x00000225ac5a5070 Exception <a 'java/lang/NoSuchMethodError'{0x00000007112ec828}: 'java.lang.Object java.lang.invoke.DirectMethodHandle$Holder.invokeSpecial(java.lang.Object, java.lang.Object, java.lang.Object, java.lang.Object, java.lang.Object, long)'> (0x00000007112ec828) 
thrown [s\open\src\hotspot\share\interpreter\linkResolver.cpp, line 759]
Event: 53.204 Thread 0x00000225ac5a5070 Exception <a 'java/lang/NoSuchMethodError'{0x00000007112f0220}: 'java.lang.Object java.lang.invoke.Invokers$Holder.linkToTargetMethod(java.lang.Object, java.lang.Object, java.lang.Object, long, java.lang.Object)'> (0x00000007112f0220) 
thrown [s\open\src\hotspot\share\interpreter\linkResolver.cpp, line 759]

VM Operations (20 events):
Event: 12.211 Executing VM operation: HandshakeAllThreads
Event: 12.211 Executing VM operation: HandshakeAllThreads done
Event: 12.616 Executing VM operation: G1CollectForAllocation
Event: 12.623 Executing VM operation: G1CollectForAllocation done
Event: 12.660 Executing VM operation: HandshakeAllThreads
Event: 12.660 Executing VM operation: HandshakeAllThreads done
Event: 12.998 Executing VM operation: HandshakeAllThreads
Event: 12.998 Executing VM operation: HandshakeAllThreads done
Event: 13.054 Executing VM operation: G1CollectForAllocation
Event: 13.060 Executing VM operation: G1CollectForAllocation done
Event: 13.136 Executing VM operation: G1Concurrent
Event: 13.140 Executing VM operation: G1Concurrent done
Event: 13.172 Executing VM operation: G1Concurrent
Event: 13.173 Executing VM operation: G1Concurrent done
Event: 14.185 Executing VM operation: Cleanup
Event: 14.185 Executing VM operation: Cleanup done
Event: 16.212 Executing VM operation: Cleanup
Event: 16.212 Executing VM operation: Cleanup done
Event: 28.323 Executing VM operation: Cleanup
Event: 28.323 Executing VM operation: Cleanup done

Events (20 events):
Event: 53.141 loading class sun/nio/ch/SocketAdaptor
Event: 53.142 loading class sun/nio/ch/SocketAdaptor done
Event: 53.142 loading class sun/nio/ch/SocketChannelImpl$DefaultOptionsHolder
Event: 53.143 loading class sun/nio/ch/SocketChannelImpl$DefaultOptionsHolder done
Event: 53.147 loading class sun/nio/ch/SelectionKeyImpl
Event: 53.148 loading class java/nio/channels/spi/AbstractSelectionKey
Event: 53.148 loading class java/nio/channels/SelectionKey
Event: 53.148 loading class java/nio/channels/SelectionKey done
Event: 53.148 loading class java/nio/channels/spi/AbstractSelectionKey done
Event: 53.148 loading class sun/nio/ch/SelectionKeyImpl done
Event: 53.148 loading class java/lang/invoke/ConstantBootstraps
Event: 53.149 loading class java/lang/invoke/ConstantBootstraps done
Event: 53.210 loading class sun/nio/cs/ThreadLocalCoders
Event: 53.210 loading class sun/nio/cs/ThreadLocalCoders done
Event: 53.210 loading class sun/nio/cs/ThreadLocalCoders$1
Event: 53.210 loading class sun/nio/cs/ThreadLocalCoders$Cache
Event: 53.210 loading class sun/nio/cs/ThreadLocalCoders$Cache done
Event: 53.210 loading class sun/nio/cs/ThreadLocalCoders$1 done
Event: 53.210 loading class sun/nio/cs/ThreadLocalCoders$2
Event: 53.210 loading class sun/nio/cs/ThreadLocalCoders$2 done


Dynamic libraries:
0x00007ff698d60000 - 0x00007ff698d70000 	C:\Java\jdk-17\bin\java.exe
0x00007ffab2c50000 - 0x00007ffab2e45000 	C:\Windows\SYSTEM32\ntdll.dll
0x00007ffab1c70000 - 0x00007ffab1d2e000 	C:\Windows\System32\KERNEL32.DLL
0x00007ffab08c0000 - 0x00007ffab0b88000 	C:\Windows\System32\KERNELBASE.dll
0x00007ffab0b90000 - 0x00007ffab0c90000 	C:\Windows\System32\ucrtbase.dll
0x00007ffaabe10000 - 0x00007ffaabe29000 	C:\Java\jdk-17\bin\jli.dll
0x00007ffaa0710000 - 0x00007ffaa072b000 	C:\Java\jdk-17\bin\VCRUNTIME140.dll
0x00007ffab19a0000 - 0x00007ffab1a4c000 	C:\Windows\System32\ADVAPI32.dll
0x00007ffab1b00000 - 0x00007ffab1b9e000 	C:\Windows\System32\msvcrt.dll
0x00007ffab29a0000 - 0x00007ffab2a3b000 	C:\Windows\System32\sechost.dll
0x00007ffab2ae0000 - 0x00007ffab2c0a000 	C:\Windows\System32\RPCRT4.dll
0x00007ffab1f30000 - 0x00007ffab20d1000 	C:\Windows\System32\USER32.dll
0x00007ffab0890000 - 0x00007ffab08b2000 	C:\Windows\System32\win32u.dll
0x00007ffab1c30000 - 0x00007ffab1c5b000 	C:\Windows\System32\GDI32.dll
0x00007ffab0360000 - 0x00007ffab046d000 	C:\Windows\System32\gdi32full.dll
0x00007ffaa0d30000 - 0x00007ffaa0fca000 	C:\Windows\WinSxS\amd64_microsoft.windows.common-controls_6595b64144ccf1df_6.0.19041.1110_none_60b5254171f9507e\COMCTL32.dll
0x00007ffab06b0000 - 0x00007ffab074d000 	C:\Windows\System32\msvcp_win.dll
0x00007ffaa3320000 - 0x00007ffaa332a000 	C:\Windows\SYSTEM32\VERSION.dll
0x00007ffab1ba0000 - 0x00007ffab1bd0000 	C:\Windows\System32\IMM32.DLL
0x00007ffaabd80000 - 0x00007ffaabd8c000 	C:\Java\jdk-17\bin\vcruntime140_1.dll
0x00007ffa88d40000 - 0x00007ffa88dce000 	C:\Java\jdk-17\bin\msvcp140.dll
0x00007ffa6d840000 - 0x00007ffa6e421000 	C:\Java\jdk-17\bin\server\jvm.dll
0x00007ffab2ad0000 - 0x00007ffab2ad8000 	C:\Windows\System32\PSAPI.DLL
0x00007ffa9dff0000 - 0x00007ffa9e017000 	C:\Windows\SYSTEM32\WINMM.dll
0x00007ffa9da90000 - 0x00007ffa9da99000 	C:\Windows\SYSTEM32\WSOCK32.dll
0x00007ffab27d0000 - 0x00007ffab283b000 	C:\Windows\System32\WS2_32.dll
0x00007ffaae250000 - 0x00007ffaae262000 	C:\Windows\SYSTEM32\kernel.appcore.dll
0x00007ffaaa840000 - 0x00007ffaaa84a000 	C:\Java\jdk-17\bin\jimage.dll
0x00007ffa9dc20000 - 0x00007ffa9de04000 	C:\Windows\SYSTEM32\DBGHELP.DLL
0x00007ffa9c920000 - 0x00007ffa9c94c000 	C:\Windows\SYSTEM32\dbgcore.DLL
0x00007ffab0750000 - 0x00007ffab07d2000 	C:\Windows\System32\bcryptPrimitives.dll
0x00007ffa8d770000 - 0x00007ffa8d795000 	C:\Java\jdk-17\bin\java.dll
0x00007ffa89bc0000 - 0x00007ffa89c97000 	C:\Java\jdk-17\bin\jsvml.dll
0x00007ffab0db0000 - 0x00007ffab14f4000 	C:\Windows\System32\SHELL32.dll
0x00007ffaae450000 - 0x00007ffaaebe4000 	C:\Windows\SYSTEM32\windows.storage.dll
0x00007ffab2210000 - 0x00007ffab2565000 	C:\Windows\System32\combase.dll
0x00007ffaafce0000 - 0x00007ffaafd0e000 	C:\Windows\SYSTEM32\Wldp.dll
0x00007ffab2720000 - 0x00007ffab27cd000 	C:\Windows\System32\SHCORE.dll
0x00007ffab1d30000 - 0x00007ffab1d85000 	C:\Windows\System32\shlwapi.dll
0x00007ffab02a0000 - 0x00007ffab02bf000 	C:\Windows\SYSTEM32\profapi.dll
0x00007ffaa0160000 - 0x00007ffaa0179000 	C:\Java\jdk-17\bin\net.dll
0x00007ffaa9a30000 - 0x00007ffaa9b3c000 	C:\Windows\SYSTEM32\WINHTTP.dll
0x00007ffaafa40000 - 0x00007ffaafaaa000 	C:\Windows\system32\mswsock.dll
0x00007ffa8a090000 - 0x00007ffa8a0a6000 	C:\Java\jdk-17\bin\nio.dll
0x00007ffa89ba0000 - 0x00007ffa89bb8000 	C:\Java\jdk-17\bin\zip.dll
0x00007ffaabdd0000 - 0x00007ffaabdde000 	C:\Java\jdk-17\bin\sunmscapi.dll
0x00007ffab0470000 - 0x00007ffab05c6000 	C:\Windows\System32\CRYPT32.dll
0x00007ffaafd50000 - 0x00007ffaafd77000 	C:\Windows\SYSTEM32\ncrypt.dll
0x00007ffaafd10000 - 0x00007ffaafd4b000 	C:\Windows\SYSTEM32\NTASN1.dll
0x00007ffaafc30000 - 0x00007ffaafc48000 	C:\Windows\SYSTEM32\CRYPTSP.dll
0x00007ffaaf3c0000 - 0x00007ffaaf3f4000 	C:\Windows\system32\rsaenh.dll
0x00007ffab0680000 - 0x00007ffab06a7000 	C:\Windows\System32\bcrypt.dll
0x00007ffab0260000 - 0x00007ffab028e000 	C:\Windows\SYSTEM32\USERENV.dll
0x00007ffaafc50000 - 0x00007ffaafc5c000 	C:\Windows\SYSTEM32\CRYPTBASE.dll
0x00007ffaaf730000 - 0x00007ffaaf76b000 	C:\Windows\SYSTEM32\IPHLPAPI.DLL
0x00007ffab1c60000 - 0x00007ffab1c68000 	C:\Windows\System32\NSI.dll
0x00007ffaa9130000 - 0x00007ffaa9147000 	C:\Windows\SYSTEM32\dhcpcsvc6.DLL
0x00007ffaa9080000 - 0x00007ffaa909d000 	C:\Windows\SYSTEM32\dhcpcsvc.DLL
0x00007ffaaf770000 - 0x00007ffaaf83b000 	C:\Windows\SYSTEM32\DNSAPI.dll
0x00007ffaa07f0000 - 0x00007ffaa07fa000 	C:\Java\jdk-17\bin\management.dll
0x00007ffaa0550000 - 0x00007ffaa055b000 	C:\Java\jdk-17\bin\management_ext.dll
0x0000000064af0000 - 0x0000000064b16000 	C:\Program Files\Bonjour\mdnsNSP.dll
0x00007ffaa2a40000 - 0x00007ffaa2a4a000 	C:\Windows\System32\rasadhlp.dll
0x00007ffaa2d30000 - 0x00007ffaa2daf000 	C:\Windows\System32\fwpuclnt.dll
0x00007ffa8a130000 - 0x00007ffa8a137000 	C:\Windows\system32\wshunix.dll

dbghelp: loaded successfully - version: 4.0.5 - missing functions: none
symbol engine: initialized successfully - sym options: 0x614 - pdb path: .;C:\Java\jdk-17\bin;C:\Windows\SYSTEM32;C:\Windows\WinSxS\amd64_microsoft.windows.common-controls_6595b64144ccf1df_6.0.19041.1110_none_60b5254171f9507e;C:\Java\jdk-17\bin\server;C:\Program Files\Bonjour

VM Arguments:
java_command: com.example.demo.SupportSystemApplication
java_class_path (initial): C:\OTS\tickets\target\classes;C:\Users\smpel\.m2\repository\org\springframework\boot\spring-boot-starter-data-jpa\4.0.6\spring-boot-starter-data-jpa-4.0.6.jar;C:\Users\smpel\.m2\repository\org\springframework\boot\spring-boot-starter\4.0.6\spring-boot-starter-4.0.6.jar;C:\Users\smpel\.m2\repository\org\springframework\boot\spring-boot-starter-logging\4.0.6\spring-boot-starter-logging-4.0.6.jar;C:\Users\smpel\.m2\repository\ch\qos\logback\logback-classic\1.5.32\logback-classic-1.5.32.jar;C:\Users\smpel\.m2\repository\ch\qos\logback\logback-core\1.5.32\logback-core-1.5.32.jar;C:\Users\smpel\.m2\repository\org\apache\logging\log4j\log4j-to-slf4j\2.25.4\log4j-to-slf4j-2.25.4.jar;C:\Users\smpel\.m2\repository\org\apache\logging\log4j\log4j-api\2.25.4\log4j-api-2.25.4.jar;C:\Users\smpel\.m2\repository\org\slf4j\jul-to-slf4j\2.0.17\jul-to-slf4j-2.0.17.jar;C:\Users\smpel\.m2\repository\org\springframework\boot\spring-boot-autoconfigure\4.0.6\spring-boot-autoconfigure-4.0.6.jar;C:\Users\smpel\.m2\repository\jakarta\annotation\jakarta.annotation-api\3.0.0\jakarta.annotation-api-3.0.0.jar;C:\Users\smpel\.m2\repository\org\yaml\snakeyaml\2.5\snakeyaml-2.5.jar;C:\Users\smpel\.m2\repository\org\springframework\boot\spring-boot-starter-jdbc\4.0.6\spring-boot-starter-jdbc-4.0.6.jar;C:\Users\smpel\.m2\repository\com\zaxxer\HikariCP\7.0.2\HikariCP-7.0.2.jar;C:\Users\smpel\.m2\repository\org\springframework\boot\spring-boot-data-jpa\4.0.6\spring-boot-data-jpa-4.0.6.jar;C:\Users\smpel\.m2\repository\org\springframework\boot\spring-boot-data-commons\4.0.6\spring-boot-data-commons-4.0.6.jar;C:\Users\smpel\.m2\repository\org\springframework\boot\spring-boot-persistence\4.0.6\spring-boot-persistence-4.0.6.jar;C:\Users\smpel\.m2\repository\org\springframework\data\spring-data-commons\4.0.5\spring-data-commons-4.0.5.jar;C:\Users\smpel\.m2\repository\org\springframework\boot\spring-boot-hibernate\4.0.6\spring-boot-hibernate-4.0.6.jar;C:\Users\smpel\.m2\repository\
Launcher Type: SUN_STANDARD

[Global flags]
     intx CICompilerCount                          = 3                                         {product} {ergonomic}
     uint ConcGCThreads                            = 1                                         {product} {ergonomic}
     uint G1ConcRefinementThreads                  = 4                                         {product} {ergonomic}
   size_t G1HeapRegionSize                         = 2097152                                   {product} {ergonomic}
    uintx GCDrainStackTargetSize                   = 64                                        {product} {ergonomic}
   size_t InitialHeapSize                          = 266338304                                 {product} {ergonomic}
   size_t MarkStackSize                            = 4194304                                   {product} {ergonomic}
   size_t MaxHeapSize                              = 4261412864                                {product} {ergonomic}
   size_t MaxNewSize                               = 2556428288                                {product} {ergonomic}
   size_t MinHeapDeltaBytes                        = 2097152                                   {product} {ergonomic}
   size_t MinHeapSize                              = 8388608                                   {product} {ergonomic}
    uintx NonNMethodCodeHeapSize                   = 5832780                                {pd product} {ergonomic}
    uintx NonProfiledCodeHeapSize                  = 122912730                              {pd product} {ergonomic}
    uintx ProfiledCodeHeapSize                     = 122912730                              {pd product} {ergonomic}
    uintx ReservedCodeCacheSize                    = 251658240                              {pd product} {ergonomic}
     bool SegmentedCodeCache                       = true                                      {product} {ergonomic}
   size_t SoftMaxHeapSize                          = 4261412864                             {manageable} {ergonomic}
     bool UseCompressedClassPointers               = true                           {product lp64_product} {ergonomic}
     bool UseCompressedOops                        = true                           {product lp64_product} {ergonomic}
     bool UseG1GC                                  = true                                      {product} {ergonomic}
     bool UseLargePagesIndividualAllocation        = false                                  {pd product} {ergonomic}

Logging:
Log output configuration:
 #0: stdout all=warning uptime,level,tags
 #1: stderr all=off uptime,level,tags

Environment Variables:
JAVA_HOME=C:\Java\jdk-17
PATH=C:\Python312\Scripts\;C:\Python312\;C:\Windows\system32;C:\Windows;C:\Windows\System32\Wbem;C:\Windows\System32\WindowsPowerShell\v1.0\;C:\Windows\System32\OpenSSH\;C:\ProgramData\chocolatey\bin;C:\Users\smpel\AppData\Local\Android\Sdk\platform-tools;C:\Java\jdk1.8.0_301\bin;C:\Gradle\gradle-8.5\bin;C:\Program Files\Java\jdk-22;C:\Program Files\Docker\Docker\resources\bin;C:\Program Files\dotnet\;C:\Windows\system32\config\systemprofile\AppData\Local\Muse Hub\lib;C:\Program Files (x86)\Ghdl\Bin;C:\Ruby33-x64\bin;C:\Python312\Scripts\;C:\Python312\;C:\Windows\system32;C:\Windows;C:\Windows\System32\Wbem;C:\Windows\System32\WindowsPowerShell\v1.0\;C:\Windows\System32\OpenSSH\;C:\ProgramData\chocolatey\bin;C:\Users\smpel\AppData\Local\Android\Sdk\platform-tools;C:\Java\jdk-17\bin;C:\Program Files\Java\jdk-22;C:\Java\jdk-22\bin;C:\Users\smpel\AppData\Local\Programs\Python\Python310\Scripts\;C:\Users\smpel\AppData\Local\Programs\Python\Python310\;C:\Users\smpel\AppData\Local\Microsoft\WindowsApps;C:\Users\smpel\.dotnet\tools;C:\Users\smpel\AppData\Local\Programs\Microsoft VS Code\bin;C:\Users\smpel\AppData\Local\JetBrains\Toolbox\scripts;C:\Program Files (x86)\ireasoning\mibbrowser\bin;C:\Users\smpel\.dotnet\tools;C:\Users\smpel\AppData\Roaming\npm;C:\Users\smpel\.fly\bin;C:\Program Files (x86)\Nmap;C:\Users\smpel\AppData\Local\Pandoc\;C:\Users\smpel\AppData\Local\Muse Hub\lib;C:\Users\smpel\AppData\Local\Programs\MiKTeX\miktex\bin\x64\
USERNAME=smpel
OS=Windows_NT
PROCESSOR_IDENTIFIER=Intel64 Family 6 Model 58 Stepping 9, GenuineIntel



---------------  S Y S T E M  ---------------

OS:
 Windows 10 , 64 bit Build 19041 (10.0.19041.1348)
OS uptime: 0 days 8:51 hours

CPU: total 4 (initial active 4) (2 cores per cpu, 2 threads per core) family 6 model 58 stepping 9 microcode 0x21, cx8, cmov, fxsr, ht, mmx, sse, sse2, sse3, ssse3, sse4.1, sse4.2, popcnt, tsc, tscinvbit, avx, aes, erms, clmul, vzeroupper, clflush

Memory: 4k page, system-wide physical 16249M (1036M free)
TotalPageFile size 24441M (AvailPageFile size 3M)
current process WorkingSet (physical memory assigned to process): 225M, peak: 264M
current process commit charge ("private bytes"): 261M, peak: 396M

vm_info: Java HotSpot(TM) 64-Bit Server VM (17.0.14+8-LTS-191) for windows-amd64 JRE (17.0.14+8-LTS-191), built on Dec  3 2024 11:07:59 by "mach5one" with MS VC++ 17.6 (VS2022)

END.
